This file contains any messages produced by compilers while
running configure, to aid debugging if configure makes a mistake.

It was created by configure, which was
generated by GNU Autoconf 2.59.  Invocation command line was

  $ ./configure 

## --------- ##
## Platform. ##
## --------- ##

hostname = vovin
uname -m = i686
uname -r = 2.6.15-23-k7
uname -s = Linux
uname -v = #1 SMP PREEMPT Tue May 23 14:20:54 UTC 2006

/usr/bin/uname -p = unknown
/bin/uname -X     = unknown

/bin/arch              = i686
/usr/bin/arch -k       = unknown
/usr/convex/getsysinfo = unknown
hostinfo               = unknown
/bin/machine           = unknown
/usr/bin/oslevel       = unknown
/bin/universe          = unknown

PATH: /home/jairo/bin
PATH: /usr/local/sbin
PATH: /usr/local/bin
PATH: /usr/sbin
PATH: /usr/bin
PATH: /sbin
PATH: /bin
PATH: /usr/bin/X11
PATH: /usr/games


## ----------- ##
## Core tests. ##
## ----------- ##

configure:1555: checking for a BSD-compatible install
configure:1610: result: /usr/bin/install -c
configure:1621: checking whether build environment is sane
configure:1664: result: yes
configure:1729: checking for gawk
configure:1745: found /usr/bin/gawk
configure:1755: result: gawk
configure:1765: checking whether make sets $(MAKE)
configure:1785: result: yes
configure:1955: checking whether to enable maintainer-specific portions of Makefiles
configure:1964: result: no
configure:1992: checking for style of include used by make
configure:2020: result: GNU
configure:2091: checking for gcc
configure:2107: found /usr/bin/gcc
configure:2117: result: gcc
configure:2361: checking for C compiler version
configure:2364: gcc --version </dev/null >&5
gcc (GCC) 4.0.3 (Ubuntu 4.0.3-1ubuntu5)
Copyright (C) 2006 Free Software Foundation, Inc.
This is free software; see the source for copying conditions.  There is NO
warranty; not even for MERCHANTABILITY or FITNESS FOR A PARTICULAR PURPOSE.

configure:2367: $? = 0
configure:2369: gcc -v </dev/null >&5
Using built-in specs.
Target: i486-linux-gnu
Configured with: ../src/configure -v --enable-languages=c,c++,java,f95,objc,ada,treelang --prefix=/usr --enable-shared --with-system-zlib --libexecdir=/usr/lib --without-included-gettext --enable-threads=posix --enable-nls --program-suffix=-4.0 --enable-__cxa_atexit --enable-clocale=gnu --enable-libstdcxx-debug --enable-java-awt=gtk-default --enable-gtk-cairo --with-java-home=/usr/lib/jvm/java-1.4.2-gcj-4.0-1.4.2.0/jre --enable-mpfr --disable-werror --with-tune=pentium4 --enable-checking=release i486-linux-gnu
Thread model: posix
gcc version 4.0.3 (Ubuntu 4.0.3-1ubuntu5)
configure:2372: $? = 0
configure:2374: gcc -V </dev/null >&5
gcc: '-V' option must have argument
configure:2377: $? = 1
configure:2400: checking for C compiler default output file name
configure:2403: gcc    conftest.c  >&5
configure:2406: $? = 0
configure:2452: result: a.out
configure:2457: checking whether the C compiler works
configure:2463: ./a.out
configure:2466: $? = 0
configure:2483: result: yes
configure:2490: checking whether we are cross compiling
configure:2492: result: no
configure:2495: checking for suffix of executables
configure:2497: gcc -o conftest    conftest.c  >&5
configure:2500: $? = 0
configure:2525: result: 
configure:2531: checking for suffix of object files
configure:2552: gcc -c   conftest.c >&5
configure:2555: $? = 0
configure:2577: result: o
configure:2581: checking whether we are using the GNU C compiler
configure:2605: gcc -c   conftest.c >&5
configure:2611: $? = 0
configure:2614: test -z 			 || test ! -s conftest.err
configure:2617: $? = 0
configure:2620: test -s conftest.o
configure:2623: $? = 0
configure:2636: result: yes
configure:2642: checking whether gcc accepts -g
configure:2663: gcc -c -g  conftest.c >&5
configure:2669: $? = 0
configure:2672: test -z 			 || test ! -s conftest.err
configure:2675: $? = 0
configure:2678: test -s conftest.o
configure:2681: $? = 0
configure:2692: result: yes
configure:2709: checking for gcc option to accept ANSI C
configure:2779: gcc  -c -g -O2  conftest.c >&5
configure:2785: $? = 0
configure:2788: test -z 			 || test ! -s conftest.err
configure:2791: $? = 0
configure:2794: test -s conftest.o
configure:2797: $? = 0
configure:2815: result: none needed
configure:2833: gcc -c -g -O2  conftest.c >&5
conftest.c:2: error: syntax error before 'me'
configure:2839: $? = 1
configure: failed program was:
| #ifndef __cplusplus
|   choke me
| #endif
configure:2971: checking dependency style of gcc
configure:3061: result: gcc3
configure:3079: checking for library containing strerror
configure:3109: gcc -o conftest -g -O2   conftest.c  >&5
configure:3115: $? = 0
configure:3118: test -z 			 || test ! -s conftest.err
configure:3121: $? = 0
configure:3124: test -s conftest
configure:3127: $? = 0
configure:3196: result: none required
configure:3249: checking for gcc
configure:3275: result: gcc
configure:3519: checking for C compiler version
configure:3522: gcc --version </dev/null >&5
gcc (GCC) 4.0.3 (Ubuntu 4.0.3-1ubuntu5)
Copyright (C) 2006 Free Software Foundation, Inc.
This is free software; see the source for copying conditions.  There is NO
warranty; not even for MERCHANTABILITY or FITNESS FOR A PARTICULAR PURPOSE.

configure:3525: $? = 0
configure:3527: gcc -v </dev/null >&5
Using built-in specs.
Target: i486-linux-gnu
Configured with: ../src/configure -v --enable-languages=c,c++,java,f95,objc,ada,treelang --prefix=/usr --enable-shared --with-system-zlib --libexecdir=/usr/lib --without-included-gettext --enable-threads=posix --enable-nls --program-suffix=-4.0 --enable-__cxa_atexit --enable-clocale=gnu --enable-libstdcxx-debug --enable-java-awt=gtk-default --enable-gtk-cairo --with-java-home=/usr/lib/jvm/java-1.4.2-gcj-4.0-1.4.2.0/jre --enable-mpfr --disable-werror --with-tune=pentium4 --enable-checking=release i486-linux-gnu
Thread model: posix
gcc version 4.0.3 (Ubuntu 4.0.3-1ubuntu5)
configure:3530: $? = 0
configure:3532: gcc -V </dev/null >&5
gcc: '-V' option must have argument
configure:3535: $? = 1
configure:3538: checking whether we are using the GNU C compiler
configure:3593: result: yes
configure:3599: checking whether gcc accepts -g
configure:3649: result: yes
configure:3666: checking for gcc option to accept ANSI C
configure:3772: result: none needed
configure:3790: gcc -c -g -O2  conftest.c >&5
conftest.c:2: error: syntax error before 'me'
configure:3796: $? = 1
configure: failed program was:
| #ifndef __cplusplus
|   choke me
| #endif
configure:3928: checking dependency style of gcc
configure:4018: result: gcc3
configure:4081: checking for gcc
configure:4107: result: gcc
configure:4351: checking for C compiler version
configure:4354: gcc --version </dev/null >&5
gcc (GCC) 4.0.3 (Ubuntu 4.0.3-1ubuntu5)
Copyright (C) 2006 Free Software Foundation, Inc.
This is free software; see the source for copying conditions.  There is NO
warranty; not even for MERCHANTABILITY or FITNESS FOR A PARTICULAR PURPOSE.

configure:4357: $? = 0
configure:4359: gcc -v </dev/null >&5
Using built-in specs.
Target: i486-linux-gnu
Configured with: ../src/configure -v --enable-languages=c,c++,java,f95,objc,ada,treelang --prefix=/usr --enable-shared --with-system-zlib --libexecdir=/usr/lib --without-included-gettext --enable-threads=posix --enable-nls --program-suffix=-4.0 --enable-__cxa_atexit --enable-clocale=gnu --enable-libstdcxx-debug --enable-java-awt=gtk-default --enable-gtk-cairo --with-java-home=/usr/lib/jvm/java-1.4.2-gcj-4.0-1.4.2.0/jre --enable-mpfr --disable-werror --with-tune=pentium4 --enable-checking=release i486-linux-gnu
Thread model: posix
gcc version 4.0.3 (Ubuntu 4.0.3-1ubuntu5)
configure:4362: $? = 0
configure:4364: gcc -V </dev/null >&5
gcc: '-V' option must have argument
configure:4367: $? = 1
configure:4370: checking whether we are using the GNU C compiler
configure:4425: result: yes
configure:4431: checking whether gcc accepts -g
configure:4481: result: yes
configure:4498: checking for gcc option to accept ANSI C
configure:4604: result: none needed
configure:4622: gcc -c -g -O2  conftest.c >&5
conftest.c:2: error: syntax error before 'me'
configure:4628: $? = 1
configure: failed program was:
| #ifndef __cplusplus
|   choke me
| #endif
configure:4760: checking dependency style of gcc
configure:4850: result: gcc3
configure:4875: checking how to run the C preprocessor
configure:4910: gcc -E  conftest.c
configure:4916: $? = 0
configure:4948: gcc -E  conftest.c
conftest.c:11:28: error: ac_nonexistent.h: No such file or directory
configure:4954: $? = 1
configure: failed program was:
| /* confdefs.h.  */
| 
| #define PACKAGE_NAME ""
| #define PACKAGE_TARNAME ""
| #define PACKAGE_VERSION ""
| #define PACKAGE_STRING ""
| #define PACKAGE_BUGREPORT ""
| #define PACKAGE "lingot"
| #define VERSION "0.7"
| /* end confdefs.h.  */
| #include <ac_nonexistent.h>
configure:4993: result: gcc -E
configure:5017: gcc -E  conftest.c
configure:5023: $? = 0
configure:5055: gcc -E  conftest.c
conftest.c:11:28: error: ac_nonexistent.h: No such file or directory
configure:5061: $? = 1
configure: failed program was:
| /* confdefs.h.  */
| 
| #define PACKAGE_NAME ""
| #define PACKAGE_TARNAME ""
| #define PACKAGE_VERSION ""
| #define PACKAGE_STRING ""
| #define PACKAGE_BUGREPORT ""
| #define PACKAGE "lingot"
| #define VERSION "0.7"
| /* end confdefs.h.  */
| #include <ac_nonexistent.h>
configure:5105: checking for egrep
configure:5115: result: grep -E
configure:5120: checking for ANSI C header files
configure:5145: gcc -c -g -O2  conftest.c >&5
configure:5151: $? = 0
configure:5154: test -z 			 || test ! -s conftest.err
configure:5157: $? = 0
configure:5160: test -s conftest.o
configure:5163: $? = 0
configure:5252: gcc -o conftest -g -O2   conftest.c  >&5
conftest.c: In function 'main':
conftest.c:28: warning: incompatible implicit declaration of built-in function 'exit'
configure:5255: $? = 0
configure:5257: ./conftest
configure:5260: $? = 0
configure:5275: result: yes
configure:5291: checking how to run the C preprocessor
configure:5409: result: gcc -E
configure:5433: gcc -E  conftest.c
configure:5439: $? = 0
configure:5471: gcc -E  conftest.c
conftest.c:12:28: error: ac_nonexistent.h: No such file or directory
configure:5477: $? = 1
configure: failed program was:
| /* confdefs.h.  */
| 
| #define PACKAGE_NAME ""
| #define PACKAGE_TARNAME ""
| #define PACKAGE_VERSION ""
| #define PACKAGE_STRING ""
| #define PACKAGE_BUGREPORT ""
| #define PACKAGE "lingot"
| #define VERSION "0.7"
| #define STDC_HEADERS 1
| /* end confdefs.h.  */
| #include <ac_nonexistent.h>
configure:5572: checking for g++
configure:5588: found /usr/bin/g++
configure:5598: result: g++
configure:5614: checking for C++ compiler version
configure:5617: g++ --version </dev/null >&5
g++ (GCC) 4.0.3 (Ubuntu 4.0.3-1ubuntu5)
Copyright (C) 2006 Free Software Foundation, Inc.
This is free software; see the source for copying conditions.  There is NO
warranty; not even for MERCHANTABILITY or FITNESS FOR A PARTICULAR PURPOSE.

configure:5620: $? = 0
configure:5622: g++ -v </dev/null >&5
Using built-in specs.
Target: i486-linux-gnu
Configured with: ../src/configure -v --enable-languages=c,c++,java,f95,objc,ada,treelang --prefix=/usr --enable-shared --with-system-zlib --libexecdir=/usr/lib --without-included-gettext --enable-threads=posix --enable-nls --program-suffix=-4.0 --enable-__cxa_atexit --enable-clocale=gnu --enable-libstdcxx-debug --enable-java-awt=gtk-default --enable-gtk-cairo --with-java-home=/usr/lib/jvm/java-1.4.2-gcj-4.0-1.4.2.0/jre --enable-mpfr --disable-werror --with-tune=pentium4 --enable-checking=release i486-linux-gnu
Thread model: posix
gcc version 4.0.3 (Ubuntu 4.0.3-1ubuntu5)
configure:5625: $? = 0
configure:5627: g++ -V </dev/null >&5
g++: '-V' option must have argument
configure:5630: $? = 1
configure:5633: checking whether we are using the GNU C++ compiler
configure:5657: g++ -c   conftest.cc >&5
configure:5663: $? = 0
configure:5666: test -z 			 || test ! -s conftest.err
configure:5669: $? = 0
configure:5672: test -s conftest.o
configure:5675: $? = 0
configure:5688: result: yes
configure:5694: checking whether g++ accepts -g
configure:5715: g++ -c -g  conftest.cc >&5
configure:5721: $? = 0
configure:5724: test -z 			 || test ! -s conftest.err
configure:5727: $? = 0
configure:5730: test -s conftest.o
configure:5733: $? = 0
configure:5744: result: yes
configure:5786: g++ -c -g -O2  conftest.cc >&5
configure:5792: $? = 0
configure:5795: test -z 			 || test ! -s conftest.err
configure:5798: $? = 0
configure:5801: test -s conftest.o
configure:5804: $? = 0
configure:5830: g++ -c -g -O2  conftest.cc >&5
conftest.cc: In function 'int main()':
conftest.cc:16: error: 'exit' was not declared in this scope
configure:5836: $? = 1
configure: failed program was:
| /* confdefs.h.  */
| 
| #define PACKAGE_NAME ""
| #define PACKAGE_TARNAME ""
| #define PACKAGE_VERSION ""
| #define PACKAGE_STRING ""
| #define PACKAGE_BUGREPORT ""
| #define PACKAGE "lingot"
| #define VERSION "0.7"
| #define STDC_HEADERS 1
| /* end confdefs.h.  */
| 
| int
| main ()
| {
| exit (42);
|   ;
|   return 0;
| }
configure:5786: g++ -c -g -O2  conftest.cc >&5
configure:5792: $? = 0
configure:5795: test -z 			 || test ! -s conftest.err
configure:5798: $? = 0
configure:5801: test -s conftest.o
configure:5804: $? = 0
configure:5830: g++ -c -g -O2  conftest.cc >&5
configure:5836: $? = 0
configure:5839: test -z 			 || test ! -s conftest.err
configure:5842: $? = 0
configure:5845: test -s conftest.o
configure:5848: $? = 0
configure:5873: checking dependency style of g++
configure:5963: result: gcc3
configure:6004: checking for sys/types.h
configure:6020: gcc -c -g -O2  conftest.c >&5
configure:6026: $? = 0
configure:6029: test -z 			 || test ! -s conftest.err
configure:6032: $? = 0
configure:6035: test -s conftest.o
configure:6038: $? = 0
configure:6049: result: yes
configure:6004: checking for sys/stat.h
configure:6020: gcc -c -g -O2  conftest.c >&5
configure:6026: $? = 0
configure:6029: test -z 			 || test ! -s conftest.err
configure:6032: $? = 0
configure:6035: test -s conftest.o
configure:6038: $? = 0
configure:6049: result: yes
configure:6004: checking for stdlib.h
configure:6020: gcc -c -g -O2  conftest.c >&5
configure:6026: $? = 0
configure:6029: test -z 			 || test ! -s conftest.err
configure:6032: $? = 0
configure:6035: test -s conftest.o
configure:6038: $? = 0
configure:6049: result: yes
configure:6004: checking for string.h
configure:6020: gcc -c -g -O2  conftest.c >&5
configure:6026: $? = 0
configure:6029: test -z 			 || test ! -s conftest.err
configure:6032: $? = 0
configure:6035: test -s conftest.o
configure:6038: $? = 0
configure:6049: result: yes
configure:6004: checking for memory.h
configure:6020: gcc -c -g -O2  conftest.c >&5
configure:6026: $? = 0
configure:6029: test -z 			 || test ! -s conftest.err
configure:6032: $? = 0
configure:6035: test -s conftest.o
configure:6038: $? = 0
configure:6049: result: yes
configure:6004: checking for strings.h
configure:6020: gcc -c -g -O2  conftest.c >&5
configure:6026: $? = 0
configure:6029: test -z 			 || test ! -s conftest.err
configure:6032: $? = 0
configure:6035: test -s conftest.o
configure:6038: $? = 0
configure:6049: result: yes
configure:6004: checking for inttypes.h
configure:6020: gcc -c -g -O2  conftest.c >&5
configure:6026: $? = 0
configure:6029: test -z 			 || test ! -s conftest.err
configure:6032: $? = 0
configure:6035: test -s conftest.o
configure:6038: $? = 0
configure:6049: result: yes
configure:6004: checking for stdint.h
configure:6020: gcc -c -g -O2  conftest.c >&5
configure:6026: $? = 0
configure:6029: test -z 			 || test ! -s conftest.err
configure:6032: $? = 0
configure:6035: test -s conftest.o
configure:6038: $? = 0
configure:6049: result: yes
configure:6004: checking for unistd.h
configure:6020: gcc -c -g -O2  conftest.c >&5
configure:6026: $? = 0
configure:6029: test -z 			 || test ! -s conftest.err
configure:6032: $? = 0
configure:6035: test -s conftest.o
configure:6038: $? = 0
configure:6049: result: yes
configure:6076: checking locale.h usability
configure:6088: gcc -c -g -O2  conftest.c >&5
configure:6094: $? = 0
configure:6097: test -z 			 || test ! -s conftest.err
configure:6100: $? = 0
configure:6103: test -s conftest.o
configure:6106: $? = 0
configure:6116: result: yes
configure:6120: checking locale.h presence
configure:6130: gcc -E  conftest.c
configure:6136: $? = 0
configure:6156: result: yes
configure:6191: checking for locale.h
configure:6198: result: yes
configure:6212: checking for LC_MESSAGES
configure:6233: gcc -o conftest -g -O2   conftest.c  >&5
configure:6239: $? = 0
configure:6242: test -z 			 || test ! -s conftest.err
configure:6245: $? = 0
configure:6248: test -s conftest
configure:6251: $? = 0
configure:6263: result: yes
configure:6292: checking libintl.h usability
configure:6304: gcc -c -g -O2  conftest.c >&5
configure:6310: $? = 0
configure:6313: test -z 			 || test ! -s conftest.err
configure:6316: $? = 0
configure:6319: test -s conftest.o
configure:6322: $? = 0
configure:6332: result: yes
configure:6336: checking libintl.h presence
configure:6346: gcc -E  conftest.c
configure:6352: $? = 0
configure:6372: result: yes
configure:6407: checking for libintl.h
configure:6414: result: yes
configure:6425: checking for ngettext in libc
configure:6448: gcc -o conftest -g -O2   conftest.c  >&5
configure:6454: $? = 0
configure:6457: test -z 			 || test ! -s conftest.err
configure:6460: $? = 0
configure:6463: test -s conftest
configure:6466: $? = 0
configure:6479: result: yes
configure:6483: checking for dgettext in libc
configure:6506: gcc -o conftest -g -O2   conftest.c  >&5
configure:6512: $? = 0
configure:6515: test -z 			 || test ! -s conftest.err
configure:6518: $? = 0
configure:6521: test -s conftest
configure:6524: $? = 0
configure:6537: result: yes
configure:6546: checking for bind_textdomain_codeset
configure:6603: gcc -o conftest -g -O2   conftest.c  >&5
configure:6609: $? = 0
configure:6612: test -z 			 || test ! -s conftest.err
configure:6615: $? = 0
configure:6618: test -s conftest
configure:6621: $? = 0
configure:6633: result: yes
configure:7137: checking for msgfmt
configure:7164: result: /usr/bin/msgfmt
configure:7177: checking for dcgettext
configure:7234: gcc -o conftest -g -O2   conftest.c   >&5
conftest.c:53: warning: conflicting types for built-in function 'dcgettext'
configure:7240: $? = 0
configure:7243: test -z 			 || test ! -s conftest.err
configure:7246: $? = 0
configure:7249: test -s conftest
configure:7252: $? = 0
configure:7264: result: yes
configure:7276: checking for gmsgfmt
configure:7307: result: /usr/bin/msgfmt
configure:7316: checking for xgettext
configure:7343: result: /usr/bin/xgettext
configure:7367: gcc -o conftest -g -O2   conftest.c   >&5
configure:7373: $? = 0
configure:7376: test -z 			 || test ! -s conftest.err
configure:7379: $? = 0
configure:7382: test -s conftest
configure:7385: $? = 0
configure:7693: checking build system type
configure:7711: result: i686-pc-linux-gnu
configure:7719: checking host system type
configure:7733: result: i686-pc-linux-gnu
configure:7741: checking for a sed that does not truncate output
configure:7795: result: /bin/sed
configure:7809: checking for ld used by gcc
configure:7876: result: /usr/bin/ld
configure:7885: checking if the linker (/usr/bin/ld) is GNU ld
configure:7900: result: yes
configure:7905: checking for /usr/bin/ld option to reload object files
configure:7912: result: -r
configure:7930: checking for BSD-compatible nm
configure:7979: result: /usr/bin/nm -B
configure:7983: checking whether ln -s works
configure:7987: result: yes
configure:7994: checking how to recognise dependent libraries
configure:8170: result: pass_all
configure:8414: checking dlfcn.h usability
configure:8426: gcc -c -g -O2  conftest.c >&5
configure:8432: $? = 0
configure:8435: test -z 			 || test ! -s conftest.err
configure:8438: $? = 0
configure:8441: test -s conftest.o
configure:8444: $? = 0
configure:8454: result: yes
configure:8458: checking dlfcn.h presence
configure:8468: gcc -E  conftest.c
configure:8474: $? = 0
configure:8494: result: yes
configure:8529: checking for dlfcn.h
configure:8536: result: yes
configure:8559: checking how to run the C++ preprocessor
configure:8590: g++ -E  conftest.cc
configure:8596: $? = 0
configure:8628: g++ -E  conftest.cc
conftest.cc:32:28: error: ac_nonexistent.h: No such file or directory
configure:8634: $? = 1
configure: failed program was:
| /* confdefs.h.  */
| 
| #define PACKAGE_NAME ""
| #define PACKAGE_TARNAME ""
| #define PACKAGE_VERSION ""
| #define PACKAGE_STRING ""
| #define PACKAGE_BUGREPORT ""
| #define PACKAGE "lingot"
| #define VERSION "0.7"
| #define STDC_HEADERS 1
| #ifdef __cplusplus
| extern "C" void std::exit (int) throw (); using std::exit;
| #endif
| #define GETTEXT_PACKAGE "lingot"
| #define HAVE_SYS_TYPES_H 1
| #define HAVE_SYS_STAT_H 1
| #define HAVE_STDLIB_H 1
| #define HAVE_STRING_H 1
| #define HAVE_MEMORY_H 1
| #define HAVE_STRINGS_H 1
| #define HAVE_INTTYPES_H 1
| #define HAVE_STDINT_H 1
| #define HAVE_UNISTD_H 1
| #define HAVE_LOCALE_H 1
| #define HAVE_LC_MESSAGES 1
| #define HAVE_BIND_TEXTDOMAIN_CODESET 1
| #define HAVE_GETTEXT 1
| #define HAVE_DCGETTEXT 1
| #define ENABLE_NLS 1
| #define HAVE_DLFCN_H 1
| /* end confdefs.h.  */
| #include <ac_nonexistent.h>
configure:8673: result: g++ -E
configure:8697: g++ -E  conftest.cc
configure:8703: $? = 0
configure:8735: g++ -E  conftest.cc
conftest.cc:32:28: error: ac_nonexistent.h: No such file or directory
configure:8741: $? = 1
configure: failed program was:
| /* confdefs.h.  */
| 
| #define PACKAGE_NAME ""
| #define PACKAGE_TARNAME ""
| #define PACKAGE_VERSION ""
| #define PACKAGE_STRING ""
| #define PACKAGE_BUGREPORT ""
| #define PACKAGE "lingot"
| #define VERSION "0.7"
| #define STDC_HEADERS 1
| #ifdef __cplusplus
| extern "C" void std::exit (int) throw (); using std::exit;
| #endif
| #define GETTEXT_PACKAGE "lingot"
| #define HAVE_SYS_TYPES_H 1
| #define HAVE_SYS_STAT_H 1
| #define HAVE_STDLIB_H 1
| #define HAVE_STRING_H 1
| #define HAVE_MEMORY_H 1
| #define HAVE_STRINGS_H 1
| #define HAVE_INTTYPES_H 1
| #define HAVE_STDINT_H 1
| #define HAVE_UNISTD_H 1
| #define HAVE_LOCALE_H 1
| #define HAVE_LC_MESSAGES 1
| #define HAVE_BIND_TEXTDOMAIN_CODESET 1
| #define HAVE_GETTEXT 1
| #define HAVE_DCGETTEXT 1
| #define ENABLE_NLS 1
| #define HAVE_DLFCN_H 1
| /* end confdefs.h.  */
| #include <ac_nonexistent.h>
configure:8838: checking for g77
configure:8867: result: no
configure:8838: checking for f77
configure:8867: result: no
configure:8838: checking for xlf
configure:8867: result: no
configure:8838: checking for frt
configure:8867: result: no
configure:8838: checking for pgf77
configure:8867: result: no
configure:8838: checking for fort77
configure:8867: result: no
configure:8838: checking for fl32
configure:8867: result: no
configure:8838: checking for af77
configure:8867: result: no
configure:8838: checking for f90
configure:8867: result: no
configure:8838: checking for xlf90
configure:8867: result: no
configure:8838: checking for pgf90
configure:8867: result: no
configure:8838: checking for epcf90
configure:8867: result: no
configure:8838: checking for f95
configure:8867: result: no
configure:8838: checking for fort
configure:8867: result: no
configure:8838: checking for xlf95
configure:8867: result: no
configure:8838: checking for ifc
configure:8867: result: no
configure:8838: checking for efc
configure:8867: result: no
configure:8838: checking for pgf95
configure:8867: result: no
configure:8838: checking for lf95
configure:8867: result: no
configure:8838: checking for gfortran
configure:8867: result: no
configure:8879: checking for Fortran 77 compiler version
configure:8882:  --version </dev/null >&5
./configure: line 8883: --version: command not found
configure:8885: $? = 127
configure:8887:  -v </dev/null >&5
./configure: line 8888: -v: command not found
configure:8890: $? = 127
configure:8892:  -V </dev/null >&5
./configure: line 8893: -V: command not found
configure:8895: $? = 127
configure:8903: checking whether we are using the GNU Fortran 77 compiler
configure:8917:  -c  conftest.F >&5
./configure: line 8918: -c: command not found
configure:8923: $? = 127
configure: failed program was:
|       program main
| #ifndef __GNUC__
|        choke me
| #endif
| 
|       end
configure:8948: result: no
configure:8954: checking whether  accepts -g
configure:8966:  -c -g conftest.f >&5
./configure: line 8967: -c: command not found
configure:8972: $? = 127
configure: failed program was:
|       program main
| 
|       end
configure:8996: result: no
configure:9026: checking the maximum length of command line arguments
configure:9135: result: 32768
configure:9146: checking command to parse /usr/bin/nm -B output from gcc object
configure:9251: gcc -c -g -O2  conftest.c >&5
configure:9254: $? = 0
configure:9258: /usr/bin/nm -B conftest.o \| sed -n -e 's/^.*[ 	]\([ABCDGIRSTW][ABCDGIRSTW]*\)[ 	][ 	]*\([_A-Za-z][_A-Za-z0-9]*\)$/\1 \2 \2/p' \> conftest.nm
configure:9261: $? = 0
configure:9313: gcc -o conftest -g -O2   conftest.c conftstm.o >&5
configure:9316: $? = 0
configure:9354: result: ok
configure:9358: checking for objdir
configure:9373: result: .libs
configure:9463: checking for ar
configure:9479: found /usr/bin/ar
configure:9490: result: ar
configure:9543: checking for ranlib
configure:9559: found /usr/bin/ranlib
configure:9570: result: ranlib
configure:9623: checking for strip
configure:9639: found /usr/bin/strip
configure:9650: result: strip
configure:9922: checking if gcc supports -fno-rtti -fno-exceptions
configure:9940: gcc -c -g -O2  -fno-rtti -fno-exceptions conftest.c >&5
cc1: warning: command line option "-fno-rtti" is valid for C++/ObjC++ but not for C
configure:9944: $? = 0
configure:9957: result: no
configure:9972: checking for gcc option to produce PIC
configure:10182: result: -fPIC
configure:10190: checking if gcc PIC flag -fPIC works
configure:10208: gcc -c -g -O2  -fPIC -DPIC conftest.c >&5
configure:10212: $? = 0
configure:10225: result: yes
configure:10253: checking if gcc static flag -static works
configure:10281: result: yes
configure:10291: checking if gcc supports -c -o file.o
configure:10312: gcc -c -g -O2  -o out/conftest2.o conftest.c >&5
configure:10316: $? = 0
configure:10338: result: yes
configure:10364: checking whether the gcc linker (/usr/bin/ld) supports shared libraries
configure:11330: result: yes
configure:11351: checking whether -lc should be explicitly linked in
configure:11356: gcc -c -g -O2  conftest.c >&5
configure:11359: $? = 0
configure:11374: gcc -shared conftest.o  -v -Wl,-soname -Wl,conftest -o conftest 2\>\&1 \| grep  -lc  \>/dev/null 2\>\&1
configure:11377: $? = 0
configure:11389: result: no
configure:11397: checking dynamic linker characteristics
configure:11997: result: GNU/Linux ld.so
configure:12006: checking how to hardcode library paths into programs
configure:12031: result: immediate
configure:12045: checking whether stripping libraries is possible
configure:12050: result: yes
configure:12877: checking if libtool supports shared libraries
configure:12879: result: yes
configure:12882: checking whether to build shared libraries
configure:12903: result: yes
configure:12906: checking whether to build static libraries
configure:12910: result: yes
configure:13002: creating libtool
configure:13590: checking for ld used by g++
configure:13657: result: /usr/bin/ld
configure:13666: checking if the linker (/usr/bin/ld) is GNU ld
configure:13681: result: yes
configure:13732: checking whether the g++ linker (/usr/bin/ld) supports shared libraries
configure:14668: result: yes
configure:14686: g++ -c -g -O2  conftest.cpp >&5
configure:14689: $? = 0
configure:14808: checking for g++ option to produce PIC
configure:15082: result: -fPIC
configure:15090: checking if g++ PIC flag -fPIC works
configure:15108: g++ -c -g -O2  -fPIC -DPIC conftest.cpp >&5
configure:15112: $? = 0
configure:15125: result: yes
configure:15153: checking if g++ static flag -static works
configure:15181: result: yes
configure:15191: checking if g++ supports -c -o file.o
configure:15212: g++ -c -g -O2  -o out/conftest2.o conftest.cpp >&5
configure:15216: $? = 0
configure:15238: result: yes
configure:15264: checking whether the g++ linker (/usr/bin/ld) supports shared libraries
configure:15295: result: yes
configure:15362: checking dynamic linker characteristics
configure:15962: result: GNU/Linux ld.so
configure:15971: checking how to hardcode library paths into programs
configure:15996: result: immediate
configure:22235: checking for pkg-config
configure:22253: found /usr/bin/pkg-config
configure:22265: result: /usr/bin/pkg-config
configure:22280: checking pkg-config is at least version 0.9.0
configure:22283: result: yes
configure:22294: checking for PACKAGE
configure:22302: $PKG_CONFIG --exists --print-errors "libgnomeui-2.0 gtk+-2.0"
configure:22305: $? = 0
configure:22320: $PKG_CONFIG --exists --print-errors "libgnomeui-2.0 gtk+-2.0"
configure:22323: $? = 0
configure:22399: result: yes
configure:22624: creating ./config.status

## ---------------------- ##
## Running config.status. ##
## ---------------------- ##

This file was extended by config.status, which was
generated by GNU Autoconf 2.59.  Invocation command line was

  CONFIG_FILES    = 
  CONFIG_HEADERS  = 
  CONFIG_LINKS    = 
  CONFIG_COMMANDS = 
  $ ./config.status 

on vovin

config.status:792: creating Makefile
config.status:792: creating po/Makefile.in
config.status:792: creating src/Makefile
config.status:792: creating pixmaps/Makefile
config.status:792: creating lingot.desktop
config.status:858: creating config.h
config.status:994: config.h is unchanged
config.status:1174: executing depfiles commands
config.status:1174: executing default-1 commands

## ---------------- ##
## Cache variables. ##
## ---------------- ##

ac_cv_build=i686-pc-linux-gnu
ac_cv_build_alias=i686-pc-linux-gnu
ac_cv_c_compiler_gnu=yes
ac_cv_cxx_compiler_gnu=yes
ac_cv_env_CC_set=
ac_cv_env_CC_value=
ac_cv_env_CFLAGS_set=
ac_cv_env_CFLAGS_value=
ac_cv_env_CPPFLAGS_set=
ac_cv_env_CPPFLAGS_value=
ac_cv_env_CPP_set=
ac_cv_env_CPP_value=
ac_cv_env_CXXCPP_set=
ac_cv_env_CXXCPP_value=
ac_cv_env_CXXFLAGS_set=
ac_cv_env_CXXFLAGS_value=
ac_cv_env_CXX_set=
ac_cv_env_CXX_value=
ac_cv_env_F77_set=
ac_cv_env_F77_value=
ac_cv_env_FFLAGS_set=
ac_cv_env_FFLAGS_value=
ac_cv_env_LDFLAGS_set=
ac_cv_env_LDFLAGS_value=
ac_cv_env_PACKAGE_CFLAGS_set=
ac_cv_env_PACKAGE_CFLAGS_value=
ac_cv_env_PACKAGE_LIBS_set=
ac_cv_env_PACKAGE_LIBS_value=
ac_cv_env_PKG_CONFIG_set=
ac_cv_env_PKG_CONFIG_value=
ac_cv_env_build_alias_set=
ac_cv_env_build_alias_value=
ac_cv_env_host_alias_set=
ac_cv_env_host_alias_value=
ac_cv_env_target_alias_set=
ac_cv_env_target_alias_value=
ac_cv_exeext=
ac_cv_f77_compiler_gnu=no
ac_cv_func_bind_textdomain_codeset=yes
ac_cv_func_dcgettext=yes
ac_cv_header_dlfcn_h=yes
ac_cv_header_inttypes_h=yes
ac_cv_header_libintl_h=yes
ac_cv_header_locale_h=yes
ac_cv_header_memory_h=yes
ac_cv_header_stdc=yes
ac_cv_header_stdint_h=yes
ac_cv_header_stdlib_h=yes
ac_cv_header_string_h=yes
ac_cv_header_strings_h=yes
ac_cv_header_sys_stat_h=yes
ac_cv_header_sys_types_h=yes
ac_cv_header_unistd_h=yes
ac_cv_host=i686-pc-linux-gnu
ac_cv_host_alias=i686-pc-linux-gnu
ac_cv_objext=o
ac_cv_path_GMSGFMT=/usr/bin/msgfmt
ac_cv_path_MSGFMT=/usr/bin/msgfmt
ac_cv_path_XGETTEXT=/usr/bin/xgettext
ac_cv_path_ac_pt_PKG_CONFIG=/usr/bin/pkg-config
ac_cv_path_install='/usr/bin/install -c'
ac_cv_prog_AWK=gawk
ac_cv_prog_CPP='gcc -E'
ac_cv_prog_CXXCPP='g++ -E'
ac_cv_prog_ac_ct_AR=ar
ac_cv_prog_ac_ct_CC=gcc
ac_cv_prog_ac_ct_CXX=g++
ac_cv_prog_ac_ct_RANLIB=ranlib
ac_cv_prog_ac_ct_STRIP=strip
ac_cv_prog_cc_g=yes
ac_cv_prog_cc_stdc=
ac_cv_prog_cxx_g=yes
ac_cv_prog_egrep='grep -E'
ac_cv_prog_f77_g=no
ac_cv_prog_make_make_set=yes
ac_cv_search_strerror='none required'
am_cv_CC_dependencies_compiler_type=gcc3
am_cv_CXX_dependencies_compiler_type=gcc3
am_cv_prog_cc_stdc=
am_cv_val_LC_MESSAGES=yes
gt_cv_func_dgettext_libc=yes
gt_cv_func_dgettext_libintl=no
gt_cv_func_ngettext_libc=yes
gt_cv_have_gettext=yes
lt_cv_deplibs_check_method=pass_all
lt_cv_file_magic_cmd='$MAGIC_CMD'
lt_cv_file_magic_test_file=
lt_cv_ld_reload_flag=-r
lt_cv_objdir=.libs
lt_cv_path_LD=/usr/bin/ld
lt_cv_path_LDCXX=/usr/bin/ld
lt_cv_path_NM='/usr/bin/nm -B'
lt_cv_path_SED=/bin/sed
lt_cv_prog_compiler_c_o=yes
lt_cv_prog_compiler_c_o_CXX=yes
lt_cv_prog_compiler_rtti_exceptions=no
lt_cv_prog_gnu_ld=yes
lt_cv_prog_gnu_ldcxx=yes
lt_cv_sys_global_symbol_pipe='sed -n -e '\''s/^.*[ 	]\([ABCDGIRSTW][ABCDGIRSTW]*\)[ 	][ 	]*\([_A-Za-z][_A-Za-z0-9]*\)$/\1 \2 \2/p'\'''
lt_cv_sys_global_symbol_to_c_name_address='sed -n -e '\''s/^: \([^ ]*\) $/  {\"\1\", (lt_ptr) 0},/p'\'' -e '\''s/^[BCDEGRST] \([^ ]*\) \([^ ]*\)$/  {"\2", (lt_ptr) \&\2},/p'\'''
lt_cv_sys_global_symbol_to_cdecl='sed -n -e '\''s/^. .* \(.*\)$/extern int \1;/p'\'''
lt_cv_sys_max_cmd_len=32768
lt_lt_cv_prog_compiler_c_o='"yes"'
lt_lt_cv_prog_compiler_c_o_CXX='"yes"'
lt_lt_cv_sys_global_symbol_pipe='"sed -n -e '\''s/^.*[ 	]\\([ABCDGIRSTW][ABCDGIRSTW]*\\)[ 	][ 	]*\\([_A-Za-z][_A-Za-z0-9]*\\)\$/\\1 \\2 \\2/p'\''"'
lt_lt_cv_sys_global_symbol_to_c_name_address='"sed -n -e '\''s/^: \\([^ ]*\\) \$/  {\\\"\\1\\\", (lt_ptr) 0},/p'\'' -e '\''s/^[BCDEGRST] \\([^ ]*\\) \\([^ ]*\\)\$/  {\"\\2\", (lt_ptr) \\&\\2},/p'\''"'
lt_lt_cv_sys_global_symbol_to_cdecl='"sed -n -e '\''s/^. .* \\(.*\\)\$/extern int \\1;/p'\''"'
pkg_cv_PACKAGE_CFLAGS='-DORBIT2=1 -pthread -I/usr/include/libgnomeui-2.0 -I/usr/include/libgnome-2.0 -I/usr/include/libgnomecanvas-2.0 -I/usr/include/gtk-2.0 -I/usr/include/libart-2.0 -I/usr/include/gconf/2 -I/usr/include/libbonoboui-2.0 -I/usr/include/gnome-vfs-2.0 -I/usr/lib/gnome-vfs-2.0/include -I/usr/include/gnome-keyring-1 -I/usr/include/glib-2.0 -I/usr/lib/glib-2.0/include -I/usr/include/orbit-2.0 -I/usr/include/libbonobo-2.0 -I/usr/include/bonobo-activation-2.0 -I/usr/include/pango-1.0 -I/usr/include/freetype2 -I/usr/lib/gtk-2.0/include -I/usr/include/atk-1.0 -I/usr/include/cairo -I/usr/include/libxml2  '
pkg_cv_PACKAGE_LIBS='-pthread -lgnomeui-2 -lSM -lICE -lbonoboui-2 -lgnome-keyring -lxml2 -lz -lgnomecanvas-2 -lgnome-2 -lpopt -lart_lgpl_2 -lpangoft2-1.0 -lgnomevfs-2 -lbonobo-2 -lgconf-2 -lbonobo-activation -lORBit-2 -lgthread-2.0 -lgtk-x11-2.0 -lgdk-x11-2.0 -latk-1.0 -lgdk_pixbuf-2.0 -lm -lpangocairo-1.0 -lfontconfig -lXext -lXrender -lXinerama -lXi -lXrandr -lXcursor -lXfixes -lpango-1.0 -lcairo -lX11 -lgobject-2.0 -lgmodule-2.0 -ldl -lglib-2.0  '

## ----------------- ##
## Output variables. ##
## ----------------- ##

ACLOCAL='${SHELL} /home/jairo/Projects/lingot/missing --run aclocal-1.9'
AMDEPBACKSLASH='\'
AMDEP_FALSE='#'
AMDEP_TRUE=''
AMTAR='${SHELL} /home/jairo/Projects/lingot/missing --run tar'
AR='ar'
AUTOCONF='${SHELL} /home/jairo/Projects/lingot/missing --run autoconf'
AUTOHEADER='${SHELL} /home/jairo/Projects/lingot/missing --run autoheader'
AUTOMAKE='${SHELL} /home/jairo/Projects/lingot/missing --run automake-1.9'
AWK='gawk'
CATALOGS=''
CATOBJEXT='.gmo'
CC='gcc'
CCDEPMODE='depmode=gcc3'
CFLAGS='-g -O2'
CPP='gcc -E'
CPPFLAGS=''
CXX='g++'
CXXCPP='g++ -E'
CXXDEPMODE='depmode=gcc3'
CXXFLAGS='-g -O2'
CYGPATH_W='echo'
DATADIRNAME='share'
DEFS='-DHAVE_CONFIG_H'
DEPDIR='.deps'
ECHO='echo'
ECHO_C=''
ECHO_N='-n'
ECHO_T=''
EGREP='grep -E'
EXEEXT=''
F77=''
FFLAGS=''
GETTEXT_PACKAGE='lingot'
GMOFILES=''
GMSGFMT='/usr/bin/msgfmt'
INSTALL_DATA='${INSTALL} -m 644'
INSTALL_PROGRAM='${INSTALL}'
INSTALL_SCRIPT='${INSTALL}'
INSTALL_STRIP_PROGRAM='${SHELL} $(install_sh) -c -s'
INSTOBJEXT='.mo'
INTLLIBS=''
LDFLAGS=''
LIBOBJS=''
LIBS=''
LIBTOOL='$(SHELL) $(top_builddir)/libtool'
LN_S='ln -s'
LTLIBOBJS=''
MAINT='#'
MAINTAINER_MODE_FALSE=''
MAINTAINER_MODE_TRUE='#'
MAKEINFO='${SHELL} /home/jairo/Projects/lingot/missing --run makeinfo'
MKINSTALLDIRS='./mkinstalldirs'
MSGFMT='/usr/bin/msgfmt'
NO_PREFIX_PACKAGE_DATA_DIR='share'
NO_PREFIX_PACKAGE_DOC_DIR='doc/lingot'
NO_PREFIX_PACKAGE_HELP_DIR='share/gnome/help/lingot'
NO_PREFIX_PACKAGE_MENU_DIR='share/gnome/apps'
NO_PREFIX_PACKAGE_PIXMAPS_DIR='share/pixmaps/lingot'
OBJEXT='o'
PACKAGE='lingot'
PACKAGE_BUGREPORT=''
PACKAGE_CFLAGS='-DORBIT2=1 -pthread -I/usr/include/libgnomeui-2.0 -I/usr/include/libgnome-2.0 -I/usr/include/libgnomecanvas-2.0 -I/usr/include/gtk-2.0 -I/usr/include/libart-2.0 -I/usr/include/gconf/2 -I/usr/include/libbonoboui-2.0 -I/usr/include/gnome-vfs-2.0 -I/usr/lib/gnome-vfs-2.0/include -I/usr/include/gnome-keyring-1 -I/usr/include/glib-2.0 -I/usr/lib/glib-2.0/include -I/usr/include/orbit-2.0 -I/usr/include/libbonobo-2.0 -I/usr/include/bonobo-activation-2.0 -I/usr/include/pango-1.0 -I/usr/include/freetype2 -I/usr/lib/gtk-2.0/include -I/usr/include/atk-1.0 -I/usr/include/cairo -I/usr/include/libxml2  '
PACKAGE_DATA_DIR='/usr/local/share'
PACKAGE_DOC_DIR='/usr/local/doc/lingot'
PACKAGE_HELP_DIR='/usr/local/share/gnome/help/lingot'
PACKAGE_LIBS='-pthread -lgnomeui-2 -lSM -lICE -lbonoboui-2 -lgnome-keyring -lxml2 -lz -lgnomecanvas-2 -lgnome-2 -lpopt -lart_lgpl_2 -lpangoft2-1.0 -lgnomevfs-2 -lbonobo-2 -lgconf-2 -lbonobo-activation -lORBit-2 -lgthread-2.0 -lgtk-x11-2.0 -lgdk-x11-2.0 -latk-1.0 -lgdk_pixbuf-2.0 -lm -lpangocairo-1.0 -lfontconfig -lXext -lXrender -lXinerama -lXi -lXrandr -lXcursor -lXfixes -lpango-1.0 -lcairo -lX11 -lgobject-2.0 -lgmodule-2.0 -ldl -lglib-2.0  '
PACKAGE_MENU_DIR='/usr/local/share/gnome/apps'
PACKAGE_NAME=''
PACKAGE_PIXMAPS_DIR='/usr/local/share/pixmaps/lingot'
PACKAGE_STRING=''
PACKAGE_TARNAME=''
PACKAGE_VERSION=''
PATH_SEPARATOR=':'
PKG_CONFIG='/usr/bin/pkg-config'
POFILES=''
POSUB='po'
PO_IN_DATADIR_FALSE=''
PO_IN_DATADIR_TRUE=''
RANLIB='ranlib'
SET_MAKE=''
SHELL='/bin/sh'
STRIP='strip'
USE_NLS='yes'
VERSION='0.7'
XGETTEXT='/usr/bin/xgettext'
ac_ct_AR='ar'
ac_ct_CC='gcc'
ac_ct_CXX='g++'
ac_ct_F77=''
ac_ct_RANLIB='ranlib'
ac_ct_STRIP='strip'
ac_pt_PKG_CONFIG='/usr/bin/pkg-config'
am__fastdepCC_FALSE='#'
am__fastdepCC_TRUE=''
am__fastdepCXX_FALSE='#'
am__fastdepCXX_TRUE=''
am__include='include'
am__leading_dot='.'
am__quote=''
am__tar='${AMTAR} chof - "$$tardir"'
am__untar='${AMTAR} xf -'
bindir='${exec_prefix}/bin'
build='i686-pc-linux-gnu'
build_alias=''
build_cpu='i686'
build_os='linux-gnu'
build_vendor='pc'
datadir='${prefix}/share'
exec_prefix='${prefix}'
host='i686-pc-linux-gnu'
host_alias=''
host_cpu='i686'
host_os='linux-gnu'
host_vendor='pc'
includedir='${prefix}/include'
infodir='${prefix}/info'
install_sh='/home/jairo/Projects/lingot/install-sh'
libdir='${exec_prefix}/lib'
libexecdir='${exec_prefix}/libexec'
localstatedir='${prefix}/var'
mandir='${prefix}/man'
mkdir_p='mkdir -p --'
oldincludedir='/usr/include'
prefix='/usr/local'
program_transform_name='s,x,x,'
sbindir='${exec_prefix}/sbin'
sharedstatedir='${prefix}/com'
sysconfdir='${prefix}/etc'
target_alias=''

## ----------- ##
## confdefs.h. ##
## ----------- ##

#define ENABLE_NLS 1
#define GETTEXT_PACKAGE "lingot"
#define HAVE_BIND_TEXTDOMAIN_CODESET 1
#define HAVE_DCGETTEXT 1
#define HAVE_DLFCN_H 1
#define HAVE_GETTEXT 1
#define HAVE_INTTYPES_H 1
#define HAVE_LC_MESSAGES 1
#define HAVE_LOCALE_H 1
#define HAVE_MEMORY_H 1
#define HAVE_STDINT_H 1
#define HAVE_STDLIB_H 1
#define HAVE_STRINGS_H 1
#define HAVE_STRING_H 1
#define HAVE_SYS_STAT_H 1
#define HAVE_SYS_TYPES_H 1
#define HAVE_UNISTD_H 1
#define PACKAGE "lingot"
#define PACKAGE_BUGREPORT ""
#define PACKAGE_DATA_DIR "/usr/local/share"
#define PACKAGE_DOC_DIR "/usr/local/doc/lingot"
#define PACKAGE_HELP_DIR "/usr/local/share/gnome/help/lingot"
#define PACKAGE_LOCALE_DIR "/usr/local/share/locale"
#define PACKAGE_MENU_DIR "/usr/local/share/gnome/apps"
#define PACKAGE_NAME ""
#define PACKAGE_PIXMAPS_DIR "/usr/local/share/pixmaps/lingot"
#define PACKAGE_SOURCE_DIR "/home/jairo/Projects/lingot"
#define PACKAGE_STRING ""
#define PACKAGE_TARNAME ""
#define PACKAGE_VERSION ""
#define STDC_HEADERS 1
#define VERSION "0.7"
#endif
#ifdef __cplusplus
extern "C" void std::exit (int) throw (); using std::exit;

configure: exit 0
